# JRE version: Java(TM) SE Runtime Environment (8.0_92-b14) (build 1.8.0_92-b14)
# Java VM: Java HotSpot(TM) 64-Bit Server VM (25.92-b14 mixed mode windows-amd64 compressed oops)
Heap:
 PSYoungGen      total 325632K, used 59038K [0x00000000e0000000, 0x00000000f8300000, 0x0000000100000000)
  eden space 293888K, 11% used [0x00000000e0000000,0x00000000e21eb110,0x00000000f1f00000)
  from space 31744K, 76% used [0x00000000f1f00000,0x00000000f36bcaa0,0x00000000f3e00000)
  to   space 33280K, 0% used [0x00000000f6280000,0x00000000f6280000,0x00000000f8300000)
 ParOldGen       total 224768K, used 55610K [0x00000000a0000000, 0x00000000adb80000, 0x00000000e0000000)
  object space 224768K, 24% used [0x00000000a0000000,0x00000000a364ea48,0x00000000adb80000)
 Metaspace       used 71173K, capacity 74130K, committed 74456K, reserved 1114112K
  class space    used 8930K, capacity 9383K, committed 9472K, reserved 1048576K
GC Heap History (10 events):
Event: 19.868 GC heap before
{Heap before GC invocations=16 (full 3):
 PSYoungGen      total 219648K, used 189440K [0x00000000e0000000, 0x00000000f1280000, 0x0000000100000000)
  eden space 189440K, 100% used [0x00000000e0000000,0x00000000eb900000,0x00000000eb900000)
  from space 30208K, 0% used [0x00000000ed900000,0x00000000ed900000,0x00000000ef680000)
  to   space 32768K, 0% used [0x00000000eb900000,0x00000000eb900000,0x00000000ed900000)
 ParOldGen       total 224768K, used 55570K [0x00000000a0000000, 0x00000000adb80000, 0x00000000e0000000)
  object space 224768K, 24% used [0x00000000a0000000,0x00000000a3644a48,0x00000000adb80000)
 Metaspace       used 66617K, capacity 69176K, committed 69464K, reserved 1110016K
  class space    used 8628K, capacity 9066K, committed 9088K, reserved 1048576K
Event: 19.878 GC heap after
Heap after GC invocations=16 (full 3):
 PSYoungGen      total 222208K, used 18806K [0x00000000e0000000, 0x00000000f3300000, 0x0000000100000000)
  eden space 189440K, 0% used [0x00000000e0000000,0x00000000e0000000,0x00000000eb900000)
  from space 32768K, 57% used [0x00000000eb900000,0x00000000ecb5db48,0x00000000ed900000)
  to   space 32256K, 0% used [0x00000000f1380000,0x00000000f1380000,0x00000000f3300000)
 ParOldGen       total 224768K, used 55578K [0x00000000a0000000, 0x00000000adb80000, 0x00000000e0000000)
  object space 224768K, 24% used [0x00000000a0000000,0x00000000a3646a48,0x00000000adb80000)
 Metaspace       used 66617K, capacity 69176K, committed 69464K, reserved 1110016K
  class space    used 8628K, capacity 9066K, committed 9088K, reserved 1048576K
}
Event: 24.965 GC heap before
{Heap before GC invocations=17 (full 3):
 PSYoungGen      total 222208K, used 208246K [0x00000000e0000000, 0x00000000f3300000, 0x0000000100000000)
  eden space 189440K, 100% used [0x00000000e0000000,0x00000000eb900000,0x00000000eb900000)
  from space 32768K, 57% used [0x00000000eb900000,0x00000000ecb5db48,0x00000000ed900000)
  to   space 32256K, 0% used [0x00000000f1380000,0x00000000f1380000,0x00000000f3300000)
 ParOldGen       total 224768K, used 55578K [0x00000000a0000000, 0x00000000adb80000, 0x00000000e0000000)
  object space 224768K, 24% used [0x00000000a0000000,0x00000000a3646a48,0x00000000adb80000)
 Metaspace       used 67644K, capacity 70418K, committed 70616K, reserved 1110016K
  class space    used 8703K, capacity 9171K, committed 9216K, reserved 1048576K
Event: 24.977 GC heap after
Heap after GC invocations=17 (full 3):
 PSYoungGen      total 266752K, used 17836K [0x00000000e0000000, 0x00000000f2b00000, 0x0000000100000000)
  eden space 242688K, 0% used [0x00000000e0000000,0x00000000e0000000,0x00000000eed00000)
  from space 24064K, 74% used [0x00000000f1380000,0x00000000f24eb190,0x00000000f2b00000)
  to   space 31744K, 0% used [0x00000000eed00000,0x00000000eed00000,0x00000000f0c00000)
 ParOldGen       total 224768K, used 55586K [0x00000000a0000000, 0x00000000adb80000, 0x00000000e0000000)
  object space 224768K, 24% used [0x00000000a0000000,0x00000000a3648a48,0x00000000adb80000)
 Metaspace       used 67644K, capacity 70418K, committed 70616K, reserved 1110016K
  class space    used 8703K, capacity 9171K, committed 9216K, reserved 1048576K
}
Event: 31.322 GC heap before
{Heap before GC invocations=18 (full 3):
 PSYoungGen      total 266752K, used 260524K [0x00000000e0000000, 0x00000000f2b00000, 0x0000000100000000)
  eden space 242688K, 100% used [0x00000000e0000000,0x00000000eed00000,0x00000000eed00000)
  from space 24064K, 74% used [0x00000000f1380000,0x00000000f24eb190,0x00000000f2b00000)
  to   space 31744K, 0% used [0x00000000eed00000,0x00000000eed00000,0x00000000f0c00000)
 ParOldGen       total 224768K, used 55586K [0x00000000a0000000, 0x00000000adb80000, 0x00000000e0000000)
  object space 224768K, 24% used [0x00000000a0000000,0x00000000a3648a48,0x00000000adb80000)
 Metaspace       used 68288K, capacity 71096K, committed 71128K, reserved 1112064K
  class space    used 8739K, capacity 9214K, committed 9216K, reserved 1048576K
Event: 31.334 GC heap after
Heap after GC invocations=18 (full 3):
 PSYoungGen      total 274432K, used 19499K [0x00000000e0000000, 0x00000000f6400000, 0x0000000100000000)
  eden space 242688K, 0% used [0x00000000e0000000,0x00000000e0000000,0x00000000eed00000)
  from space 31744K, 61% used [0x00000000eed00000,0x00000000f000adb0,0x00000000f0c00000)
  to   space 31232K, 0% used [0x00000000f4580000,0x00000000f4580000,0x00000000f6400000)
 ParOldGen       total 224768K, used 55594K [0x00000000a0000000, 0x00000000adb80000, 0x00000000e0000000)
  object space 224768K, 24% used [0x00000000a0000000,0x00000000a364aa48,0x00000000adb80000)
 Metaspace       used 68288K, capacity 71096K, committed 71128K, reserved 1112064K
  class space    used 8739K, capacity 9214K, committed 9216K, reserved 1048576K
}
Event: 37.307 GC heap before
{Heap before GC invocations=19 (full 3):
 PSYoungGen      total 274432K, used 262187K [0x00000000e0000000, 0x00000000f6400000, 0x0000000100000000)
  eden space 242688K, 100% used [0x00000000e0000000,0x00000000eed00000,0x00000000eed00000)
  from space 31744K, 61% used [0x00000000eed00000,0x00000000f000adb0,0x00000000f0c00000)
  to   space 31232K, 0% used [0x00000000f4580000,0x00000000f4580000,0x00000000f6400000)
 ParOldGen       total 224768K, used 55594K [0x00000000a0000000, 0x00000000adb80000, 0x00000000e0000000)
  object space 224768K, 24% used [0x00000000a0000000,0x00000000a364aa48,0x00000000adb80000)
 Metaspace       used 69033K, capacity 71842K, committed 72024K, reserved 1112064K
  class space    used 8772K, capacity 9221K, committed 9344K, reserved 1048576K
Event: 37.320 GC heap after
Heap after GC invocations=19 (full 3):
 PSYoungGen      total 317952K, used 21486K [0x00000000e0000000, 0x00000000f5d00000, 0x0000000100000000)
  eden space 293888K, 0% used [0x00000000e0000000,0x00000000e0000000,0x00000000f1f00000)
  from space 24064K, 89% used [0x00000000f4580000,0x00000000f5a7ba68,0x00000000f5d00000)
  to   space 31744K, 0% used [0x00000000f1f00000,0x00000000f1f00000,0x00000000f3e00000)
 ParOldGen       total 224768K, used 55602K [0x00000000a0000000, 0x00000000adb80000, 0x00000000e0000000)
  object space 224768K, 24% used [0x00000000a0000000,0x00000000a364ca48,0x00000000adb80000)
 Metaspace       used 69033K, capacity 71842K, committed 72024K, reserved 1112064K
  class space    used 8772K, capacity 9221K, committed 9344K, reserved 1048576K
}
Event: 45.277 GC heap before
{Heap before GC invocations=20 (full 3):
 PSYoungGen      total 317952K, used 315374K [0x00000000e0000000, 0x00000000f5d00000, 0x0000000100000000)
  eden space 293888K, 100% used [0x00000000e0000000,0x00000000f1f00000,0x00000000f1f00000)
  from space 24064K, 89% used [0x00000000f4580000,0x00000000f5a7ba68,0x00000000f5d00000)
  to   space 31744K, 0% used [0x00000000f1f00000,0x00000000f1f00000,0x00000000f3e00000)
 ParOldGen       total 224768K, used 55602K [0x00000000a0000000, 0x00000000adb80000, 0x00000000e0000000)
  object space 224768K, 24% used [0x00000000a0000000,0x00000000a364ca48,0x00000000adb80000)
 Metaspace       used 69436K, capacity 72230K, committed 72536K, reserved 1112064K
  class space    used 8796K, capacity 9233K, committed 9344K, reserved 1048576K
Event: 45.295 GC heap after
Heap after GC invocations=20 (full 3):
 PSYoungGen      total 325632K, used 24306K [0x00000000e0000000, 0x00000000f8300000, 0x0000000100000000)
  eden space 293888K, 0% used [0x00000000e0000000,0x00000000e0000000,0x00000000f1f00000)
  from space 31744K, 76% used [0x00000000f1f00000,0x00000000f36bcaa0,0x00000000f3e00000)
  to   space 33280K, 0% used [0x00000000f6280000,0x00000000f6280000,0x00000000f8300000)
 ParOldGen       total 224768K, used 55610K [0x00000000a0000000, 0x00000000adb80000, 0x00000000e0000000)
  object space 224768K, 24% used [0x00000000a0000000,0x00000000a364ea48,0x00000000adb80000)
 Metaspace       used 69436K, capacity 72230K, committed 72536K, reserved 1112064K
  class space    used 8796K, capacity 9233K, committed 9344K, reserved 1048576K
}

