# JRE version: Java(TM) SE Runtime Environment (8.0_92-b14) (build 1.8.0_92-b14)
# Java VM: Java HotSpot(TM) 64-Bit Server VM (25.92-b14 mixed mode windows-amd64 compressed oops)
Heap:
 PSYoungGen      total 207360K, used 119813K [0x00000000e0000000, 0x00000000f8780000, 0x0000000100000000)
  eden space 154624K, 53% used [0x00000000e0000000,0x00000000e5028720,0x00000000e9700000)
  from space 52736K, 71% used [0x00000000ef680000,0x00000000f1b58d90,0x00000000f2a00000)
  to   space 97792K, 0% used [0x00000000e9700000,0x00000000e9700000,0x00000000ef680000)
 ParOldGen       total 229888K, used 82130K [0x00000000a0000000, 0x00000000ae080000, 0x00000000e0000000)
  object space 229888K, 35% used [0x00000000a0000000,0x00000000a5034908,0x00000000ae080000)
 Metaspace       used 80181K, capacity 83920K, committed 84372K, reserved 1124352K
  class space    used 9758K, capacity 10331K, committed 10428K, reserved 1048576K
GC Heap History (10 events):
Event: 1807.399 GC heap before
{Heap before GC invocations=28 (full 4):
 PSYoungGen      total 239104K, used 52724K [0x00000000e0000000, 0x00000000f3f00000, 0x0000000100000000)
  eden space 186368K, 0% used [0x00000000e0000000,0x00000000e0000000,0x00000000eb600000)
  from space 52736K, 99% used [0x00000000ef680000,0x00000000f29fd148,0x00000000f2a00000)
  to   space 66048K, 0% used [0x00000000eb600000,0x00000000eb600000,0x00000000ef680000)
 ParOldGen       total 229888K, used 197305K [0x00000000a0000000, 0x00000000ae080000, 0x00000000e0000000)
  object space 229888K, 85% used [0x00000000a0000000,0x00000000ac0ae570,0x00000000ae080000)
 Metaspace       used 79763K, capacity 83666K, committed 83860K, reserved 1122304K
  class space    used 9777K, capacity 10388K, committed 10428K, reserved 1048576K
Event: 1807.623 GC heap after
Heap after GC invocations=28 (full 4):
 PSYoungGen      total 239104K, used 0K [0x00000000e0000000, 0x00000000f3f00000, 0x0000000100000000)
  eden space 186368K, 0% used [0x00000000e0000000,0x00000000e0000000,0x00000000eb600000)
  from space 52736K, 0% used [0x00000000ef680000,0x00000000ef680000,0x00000000f2a00000)
  to   space 66048K, 0% used [0x00000000eb600000,0x00000000eb600000,0x00000000ef680000)
 ParOldGen       total 229888K, used 82098K [0x00000000a0000000, 0x00000000ae080000, 0x00000000e0000000)
  object space 229888K, 35% used [0x00000000a0000000,0x00000000a502c908,0x00000000ae080000)
 Metaspace       used 79555K, capacity 83278K, committed 83860K, reserved 1122304K
  class space    used 9739K, capacity 10322K, committed 10428K, reserved 1048576K
}
Event: 1813.932 GC heap before
{Heap before GC invocations=29 (full 4):
 PSYoungGen      total 239104K, used 186368K [0x00000000e0000000, 0x00000000f3f00000, 0x0000000100000000)
  eden space 186368K, 100% used [0x00000000e0000000,0x00000000eb600000,0x00000000eb600000)
  from space 52736K, 0% used [0x00000000ef680000,0x00000000ef680000,0x00000000f2a00000)
  to   space 66048K, 0% used [0x00000000eb600000,0x00000000eb600000,0x00000000ef680000)
 ParOldGen       total 229888K, used 82098K [0x00000000a0000000, 0x00000000ae080000, 0x00000000e0000000)
  object space 229888K, 35% used [0x00000000a0000000,0x00000000a502c908,0x00000000ae080000)
 Metaspace       used 79743K, capacity 83484K, committed 83860K, reserved 1122304K
  class space    used 9740K, capacity 10323K, committed 10428K, reserved 1048576K
Event: 1813.938 GC heap after
Heap after GC invocations=29 (full 4):
 PSYoungGen      total 252416K, used 5421K [0x00000000e0000000, 0x00000000f3f00000, 0x0000000100000000)
  eden space 186368K, 0% used [0x00000000e0000000,0x00000000e0000000,0x00000000eb600000)
  from space 66048K, 8% used [0x00000000eb600000,0x00000000ebb4b788,0x00000000ef680000)
  to   space 52736K, 0% used [0x00000000ef680000,0x00000000ef680000,0x00000000f2a00000)
 ParOldGen       total 229888K, used 82106K [0x00000000a0000000, 0x00000000ae080000, 0x00000000e0000000)
  object space 229888K, 35% used [0x00000000a0000000,0x00000000a502e908,0x00000000ae080000)
 Metaspace       used 79743K, capacity 83484K, committed 83860K, reserved 1122304K
  class space    used 9740K, capacity 10323K, committed 10428K, reserved 1048576K
}
Event: 1818.252 GC heap before
{Heap before GC invocations=30 (full 4):
 PSYoungGen      total 252416K, used 191789K [0x00000000e0000000, 0x00000000f3f00000, 0x0000000100000000)
  eden space 186368K, 100% used [0x00000000e0000000,0x00000000eb600000,0x00000000eb600000)
  from space 66048K, 8% used [0x00000000eb600000,0x00000000ebb4b788,0x00000000ef680000)
  to   space 52736K, 0% used [0x00000000ef680000,0x00000000ef680000,0x00000000f2a00000)
 ParOldGen       total 229888K, used 82106K [0x00000000a0000000, 0x00000000ae080000, 0x00000000e0000000)
  object space 229888K, 35% used [0x00000000a0000000,0x00000000a502e908,0x00000000ae080000)
 Metaspace       used 79911K, capacity 83688K, committed 84116K, reserved 1122304K
  class space    used 9751K, capacity 10325K, committed 10428K, reserved 1048576K
Event: 1818.258 GC heap after
Heap after GC invocations=30 (full 4):
 PSYoungGen      total 239104K, used 4071K [0x00000000e0000000, 0x00000000f3f00000, 0x0000000100000000)
  eden space 186368K, 0% used [0x00000000e0000000,0x00000000e0000000,0x00000000eb600000)
  from space 52736K, 7% used [0x00000000ef680000,0x00000000efa79e40,0x00000000f2a00000)
  to   space 66048K, 0% used [0x00000000eb600000,0x00000000eb600000,0x00000000ef680000)
 ParOldGen       total 229888K, used 82114K [0x00000000a0000000, 0x00000000ae080000, 0x00000000e0000000)
  object space 229888K, 35% used [0x00000000a0000000,0x00000000a5030908,0x00000000ae080000)
 Metaspace       used 79911K, capacity 83688K, committed 84116K, reserved 1122304K
  class space    used 9751K, capacity 10325K, committed 10428K, reserved 1048576K
}
Event: 1819.955 GC heap before
{Heap before GC invocations=31 (full 4):
 PSYoungGen      total 239104K, used 190439K [0x00000000e0000000, 0x00000000f3f00000, 0x0000000100000000)
  eden space 186368K, 100% used [0x00000000e0000000,0x00000000eb600000,0x00000000eb600000)
  from space 52736K, 7% used [0x00000000ef680000,0x00000000efa79e40,0x00000000f2a00000)
  to   space 66048K, 0% used [0x00000000eb600000,0x00000000eb600000,0x00000000ef680000)
 ParOldGen       total 229888K, used 82114K [0x00000000a0000000, 0x00000000ae080000, 0x00000000e0000000)
  object space 229888K, 35% used [0x00000000a0000000,0x00000000a5030908,0x00000000ae080000)
 Metaspace       used 80079K, capacity 83850K, committed 84372K, reserved 1124352K
  class space    used 9756K, capacity 10330K, committed 10428K, reserved 1048576K
Event: 1819.966 GC heap after
Heap after GC invocations=31 (full 4):
 PSYoungGen      total 252416K, used 12842K [0x00000000e0000000, 0x00000000f3f00000, 0x0000000100000000)
  eden space 186368K, 0% used [0x00000000e0000000,0x00000000e0000000,0x00000000eb600000)
  from space 66048K, 19% used [0x00000000eb600000,0x00000000ec28a8a8,0x00000000ef680000)
  to   space 52736K, 0% used [0x00000000ef680000,0x00000000ef680000,0x00000000f2a00000)
 ParOldGen       total 229888K, used 82122K [0x00000000a0000000, 0x00000000ae080000, 0x00000000e0000000)
  object space 229888K, 35% used [0x00000000a0000000,0x00000000a5032908,0x00000000ae080000)
 Metaspace       used 80079K, capacity 83850K, committed 84372K, reserved 1124352K
  class space    used 9756K, capacity 10330K, committed 10428K, reserved 1048576K
}
Event: 1823.564 GC heap before
{Heap before GC invocations=32 (full 4):
 PSYoungGen      total 252416K, used 199210K [0x00000000e0000000, 0x00000000f3f00000, 0x0000000100000000)
  eden space 186368K, 100% used [0x00000000e0000000,0x00000000eb600000,0x00000000eb600000)
  from space 66048K, 19% used [0x00000000eb600000,0x00000000ec28a8a8,0x00000000ef680000)
  to   space 52736K, 0% used [0x00000000ef680000,0x00000000ef680000,0x00000000f2a00000)
 ParOldGen       total 229888K, used 82122K [0x00000000a0000000, 0x00000000ae080000, 0x00000000e0000000)
  object space 229888K, 35% used [0x00000000a0000000,0x00000000a5032908,0x00000000ae080000)
 Metaspace       used 80170K, capacity 83914K, committed 84372K, reserved 1124352K
  class space    used 9757K, capacity 10330K, committed 10428K, reserved 1048576K
Event: 1823.584 GC heap after
Heap after GC invocations=32 (full 4):
 PSYoungGen      total 207360K, used 37731K [0x00000000e0000000, 0x00000000f8780000, 0x0000000100000000)
  eden space 154624K, 0% used [0x00000000e0000000,0x00000000e0000000,0x00000000e9700000)
  from space 52736K, 71% used [0x00000000ef680000,0x00000000f1b58d90,0x00000000f2a00000)
  to   space 97792K, 0% used [0x00000000e9700000,0x00000000e9700000,0x00000000ef680000)
 ParOldGen       total 229888K, used 82130K [0x00000000a0000000, 0x00000000ae080000, 0x00000000e0000000)
  object space 229888K, 35% used [0x00000000a0000000,0x00000000a5034908,0x00000000ae080000)
 Metaspace       used 80170K, capacity 83914K, committed 84372K, reserved 1124352K
  class space    used 9757K, capacity 10330K, committed 10428K, reserved 1048576K
}

